============================= test session starts =============================
platform win32 -- Python 3.14.5, pytest-8.4.2, pluggy-1.6.0
rootdir: F:\小说工具\PlotPilot-Optimized-Source
configfile: pytest.ini
plugins: anyio-4.12.1, asyncio-0.26.0, cov-7.1.0
asyncio: mode=Mode.AUTO, asyncio_default_fixture_loop_scope=None, asyncio_default_test_loop_scope=function
collected 1834 items

tests\unit\application\ai\test_chapter_state_llm_contract.py ....        [  0%]
tests\unit\application\ai\test_embedding_config_service.py .             [  0%]
tests\unit\application\ai\test_knowledge_llm_contract.py ......          [  0%]
tests\unit\application\ai\test_llm_control_service.py ......             [  0%]
tests\unit\application\ai\test_llm_json_extract.py ....                  [  1%]
tests\unit\application\ai\test_llm_output_sanitize.py ......             [  1%]
tests\unit\application\ai\test_prose_fragment_aggregator.py .....        [  1%]
tests\unit\application\ai\test_structured_json_settings.py ..            [  1%]
tests\unit\application\ai\test_trace_context.py ...                      [  2%]
tests\unit\application\ai_invocation\test_adoption_commit_prompt_version.py . [  2%]
..........                                                               [  2%]
tests\unit\application\ai_invocation\test_ai_invocation_gateway.py ..... [  2%]
...................                                                      [  3%]
tests\unit\application\ai_invocation\test_ai_invocation_persistence.py . [  3%]
..........                                                               [  4%]
tests\unit\application\ai_invocation\test_autopilot_contracts_and_policy.py . [  4%]
......                                                                   [  4%]
tests\unit\application\ai_invocation\test_autopilot_helper_invoker.py .  [  4%]
tests\unit\application\ai_invocation\test_autopilot_no_direct_llm.py ... [  5%]
...                                                                      [  5%]
tests\unit\application\ai_invocation\test_autopilot_orchestrator_publish.py . [  5%]
..                                                                       [  5%]
tests\unit\application\ai_invocation\test_autopilot_prose_continuation.py . [  5%]
...                                                                      [  5%]
tests\unit\application\ai_invocation\test_chapter_prose_generation_contract.py . [  5%]
...............                                                          [  6%]
tests\unit\application\ai_invocation\test_variable_backfill.py ..        [  6%]
tests\unit\application\analyst\test_voice_analysis_cache.py .......      [  7%]
tests\unit\application\analyst\test_voice_analysis_settings.py .         [  7%]
tests\unit\application\audit\test_chapter_ai_review_service.py ...       [  7%]
tests\unit\application\audit\test_chapter_review_character_extraction.py . [  7%]
.                                                                        [  7%]
tests\unit\application\blueprint\test_chapter_continuity_ledger.py .     [  7%]
tests\unit\application\blueprint\test_chapter_planning_policy.py ....... [  7%]
                                                                         [  7%]
tests\unit\application\blueprint\test_setup_main_plot_continuation.py .  [  7%]
tests\unit\application\blueprint\test_setup_main_plot_suggestion_service.py . [  7%]
                                                                         [  7%]
tests\unit\application\blueprint\test_setup_plot_outline_continuation.py . [  7%]
........                                                                 [  8%]
tests\unit\application\character\test_character_narrative_kernel.py .... [  8%]
                                                                         [  8%]
tests\unit\application\checkpoint\test_unified_checkpoint_bible_state.py . [  8%]
                                                                         [  8%]
tests\unit\application\core\test_async_bridge.py ...                     [  8%]
tests\unit\application\core\test_export_service_fonts.py ..              [  8%]
tests\unit\application\core\test_novel_preset_persistence.py ..          [  9%]
tests\unit\application\core\test_opening_profiles.py ......              [  9%]
tests\unit\application\core\test_premise_genre_world.py ..               [  9%]
tests\unit\application\core\test_scene_generation_context.py ....        [  9%]
tests\unit\application\core\test_v1_length_tiers.py .....                [  9%]
tests\unit\application\dag\plan\test_outline_beat_planner_json.py ...    [ 10%]
tests\unit\application\dtos\test_ghost_annotation.py ............        [ 10%]
tests\unit\application\dtos\test_scene_director_dto.py ................. [ 11%]
.                                                                        [ 11%]
tests\unit\application\engine\dag\test_engine_selector.py ...            [ 11%]
tests\unit\application\engine\narrative_projection\test_dag_runtime_projection.py . [ 11%]
.......                                                                  [ 12%]
tests\unit\application\engine\narrative_projection\test_linkage_kernel.py . [ 12%]
..                                                                       [ 12%]
tests\unit\application\engine\narrative_projection\test_primary_node_policy.py . [ 12%]
..                                                                       [ 12%]
tests\unit\application\engine\test_autopilot_recovery_policy.py ........ [ 13%]
                                                                         [ 13%]
tests\unit\application\engine\test_background_task_settings.py ...       [ 13%]
tests\unit\application\engine\test_chapter_continuity.py .....           [ 13%]
tests\unit\application\engine\test_chapter_generation_workspace.py .     [ 13%]
tests\unit\application\engine\test_context_budget_character_anchors.py . [ 13%]
                                                                         [ 13%]
tests\unit\application\engine\test_context_budget_recent_chapters.py ... [ 13%]
                                                                         [ 13%]
tests\unit\application\engine\test_dag_event_aggregator.py ..            [ 13%]
tests\unit\application\engine\test_execution_beat_node_plan_contract.py . [ 14%]
.                                                                        [ 14%]
tests\unit\application\engine\test_fusion_profile_config.py ..           [ 14%]
tests\unit\application\engine\test_memory_engine_cache.py ....           [ 14%]
tests\unit\application\engine\test_memory_engine_settings.py .           [ 14%]
tests\unit\application\engine\test_persistence_queue.py .                [ 14%]
tests\unit\application\engine\test_persistence_queue_v2.py .             [ 14%]
tests\unit\application\engine\test_query_service_autopilot_invocation.py . [ 14%]
.....                                                                    [ 14%]
tests\unit\application\engine\test_resource_manager.py ....              [ 15%]
tests\unit\application\engine\test_spatial_coherence.py .........        [ 15%]
tests\unit\application\engine\test_state_bootstrap_settings.py ..        [ 15%]
tests\unit\application\engine\test_streaming_bus.py ......               [ 16%]
tests\unit\application\engine\test_theme_agent_cpms.py .                 [ 16%]
tests\unit\application\evolution\test_context_allocator_evolution.py .   [ 16%]
tests\unit\application\evolution\test_gate_presenter.py .....            [ 16%]
tests\unit\application\evolution\test_snapshot_service.py ..             [ 16%]
tests\unit\application\governance\test_narrative_governance_service.py . [ 16%]
...                                                                      [ 16%]
tests\unit\application\memory\test_narrative_memory_service.py .         [ 16%]
tests\unit\application\memory\test_narrative_memory_substrate.py ...     [ 16%]
tests\unit\application\narrative\test_entity_resolver.py ..              [ 17%]
tests\unit\application\narrative_engine\test_read_facade.py ...          [ 17%]
tests\unit\application\onboarding\test_setup_stage_registry.py ......    [ 17%]
tests\unit\application\outline\test_import_service_refactor.py ....      [ 17%]
tests\unit\application\outline\test_md_parser_ident_fix.py .....         [ 18%]
tests\unit\application\outline\test_md_parser_user_md.py .....           [ 18%]
tests\unit\application\prop\test_llm_extractor.py ..                     [ 18%]
tests\unit\application\prop\test_narrative_event_handler.py .            [ 18%]
tests\unit\application\services\test_ai_generation_service.py .......    [ 18%]
tests\unit\application\services\test_auto_bible_generator.py ........    [ 19%]
tests\unit\application\services\test_beat_projection.py ......           [ 19%]
tests\unit\application\services\test_bible_location_triple_sync.py ....  [ 19%]
tests\unit\application\services\test_bible_service.py ...........        [ 20%]
tests\unit\application\services\test_chapter_indexing_service.py ....... [ 20%]
.....                                                                    [ 21%]
tests\unit\application\services\test_chapter_service.py ......           [ 21%]
tests\unit\application\services\test_character_indexer.py ........       [ 21%]
tests\unit\application\services\test_cliche_scanner.py ...........       [ 22%]
tests\unit\application\services\test_conflict_detection_service.py ..... [ 22%]
...........                                                              [ 23%]
tests\unit\application\services\test_context_builder.py ...ss......      [ 23%]
tests\unit\application\services\test_context_builder_pov_firewall.py ... [ 24%]
...                                                                      [ 24%]
tests\unit\application\services\test_continuous_planning_service.py .... [ 24%]
......                                                                   [ 24%]
tests\unit\application\services\test_hosted_write_service.py ..          [ 24%]
tests\unit\application\services\test_macro_merge_engine.py ......        [ 25%]
tests\unit\application\services\test_macro_refactor_proposal_service.py . [ 25%]
....                                                                     [ 25%]
tests\unit\application\services\test_macro_refactor_scanner.py .....     [ 25%]
tests\unit\application\services\test_mutation_applier.py ........        [ 26%]
tests\unit\application\services\test_narrative_entity_state_service.py . [ 26%]
...                                                                      [ 26%]
tests\unit\application\services\test_novel_service.py ...........        [ 27%]
tests\unit\application\services\test_reader_simulation_service.py ...... [ 27%]
.............                                                            [ 28%]
tests\unit\application\services\test_sandbox_dialogue_service.py ...     [ 28%]
tests\unit\application\services\test_scene_director_service.py ......... [ 28%]
.........                                                                [ 29%]
tests\unit\application\services\test_setup_main_plot_suggestion_service.py . [ 29%]
                                                                         [ 29%]
tests\unit\application\services\test_state_extractor.py ..........       [ 29%]
tests\unit\application\services\test_state_updater.py .......            [ 30%]
tests\unit\application\services\test_state_updater_foreshadowing_fallback.py . [ 30%]
.                                                                        [ 30%]
tests\unit\application\services\test_story_structure_service.py .....    [ 30%]
tests\unit\application\services\test_storyline_context_slot.py .....     [ 30%]
tests\unit\application\services\test_style_constraint_builder.py ....... [ 31%]
...                                                                      [ 31%]
tests\unit\application\services\test_tension_analyzer.py .......         [ 31%]
tests\unit\application\services\test_tension_scoring_service.py ..       [ 31%]
tests\unit\application\services\test_trigger_keyword_bible_integration.py . [ 31%]
..                                                                       [ 32%]
tests\unit\application\services\test_trigger_keyword_catalog.py .......  [ 32%]
tests\unit\application\services\test_voice_drift_service.py ..........   [ 32%]
tests\unit\application\services\test_voice_fingerprint_service.py ...... [ 33%]
                                                                         [ 33%]
tests\unit\application\services\test_voice_sample_service.py ........    [ 33%]
tests\unit\application\snapshot\services\test_snapshot_service_engine_state.py . [ 33%]
.......                                                                  [ 34%]
tests\unit\application\test_narrative_plan_contract.py .....             [ 34%]
tests\unit\application\test_paths.py .....                               [ 34%]
tests\unit\application\test_worldbuilding_merge.py .......               [ 35%]
tests\unit\application\workflows\test_auto_novel_generation_workflow.py . [ 35%]
.....................                                                    [ 36%]
tests\unit\application\workflows\test_beat_context_extractor.py ...      [ 36%]
tests\unit\application\workflows\test_beat_continuation.py ...           [ 36%]
tests\unit\application\workflows\test_character_state_extractor.py ...   [ 36%]
tests\unit\application\workflows\test_prose_discipline.py ..             [ 36%]
tests\unit\application\world\test_auto_knowledge_generator.py ...        [ 37%]
tests\unit\application\world\test_bible_setup_continuation.py .........  [ 37%]
tests\unit\application\world\test_bible_setup_opening_profile.py ....... [ 37%]
...                                                                      [ 38%]
tests\unit\application\world\test_cast_runtime_settings.py .             [ 38%]
tests\unit\application\world\test_cast_service_cache.py ...              [ 38%]
tests\unit\application\world\test_chapter_narrative_sync_idempotency.py . [ 38%]
.                                                                        [ 38%]
tests\unit\application\world\test_memory_atom_sync.py .                  [ 38%]
tests\unit\application\world\test_narrative_contract_text.py ......      [ 38%]
tests\unit\application\world\test_narrative_promise.py ...               [ 38%]
tests\unit\application\world\test_storyline_matching.py .....            [ 39%]
tests\unit\application\world\test_worldbuilding_field_text.py ...        [ 39%]
tests\unit\application\world\test_worldbuilding_schema.py ....           [ 39%]
tests\unit\application\world\test_worldbuilding_stream_parser.py ....... [ 40%]
....                                                                     [ 40%]
tests\unit\domain\ai\services\test_llm_service.py .............          [ 40%]
tests\unit\domain\ai\value_objects\test_prompt.py ......                 [ 41%]
tests\unit\domain\ai\value_objects\test_token_usage.py ...               [ 41%]
tests\unit\domain\bible\entities\test_character_registry.py ............ [ 42%]
.                                                                        [ 42%]
tests\unit\domain\bible\services\test_appearance_scheduler.py ......     [ 42%]
tests\unit\domain\bible\services\test_relationship_engine.py ........... [ 43%]
........................                                                 [ 44%]
tests\unit\domain\bible\test_bible.py .............                      [ 45%]
tests\unit\domain\bible\test_bible_location_tree.py ....                 [ 45%]
tests\unit\domain\bible\test_character.py .........                      [ 45%]
tests\unit\domain\bible\test_character_id.py .......                     [ 46%]
tests\unit\domain\bible\test_world_setting.py .........                  [ 46%]
tests\unit\domain\bible\value_objects\test_activity_metrics.py ........  [ 47%]
tests\unit\domain\bible\value_objects\test_character_importance.py ...   [ 47%]
tests\unit\domain\bible\value_objects\test_relationship_graph.py ....... [ 47%]
.........                                                                [ 48%]
tests\unit\domain\evolution\test_reducer.py ....                         [ 48%]
tests\unit\domain\novel\entities\test_chapter.py ..........              [ 48%]
tests\unit\domain\novel\entities\test_confluence_point.py ...            [ 49%]
tests\unit\domain\novel\entities\test_foreshadowing_registry.py ........ [ 49%]
.                                                                        [ 49%]
tests\unit\domain\novel\entities\test_novel.py .....                     [ 49%]
tests\unit\domain\novel\entities\test_novel_id_handling.py ......        [ 50%]
tests\unit\domain\novel\entities\test_plot_arc.py ..............         [ 50%]
tests\unit\domain\novel\entities\test_storyline.py ..........            [ 51%]
tests\unit\domain\novel\entities\test_storyline_role_field.py ....       [ 51%]
tests\unit\domain\novel\services\test_consistency_checker.py ........... [ 52%]
..                                                                       [ 52%]
tests\unit\domain\novel\services\test_narrative_state_replay.py ........ [ 52%]
.                                                                        [ 52%]
tests\unit\domain\novel\services\test_storyline_manager.py ........      [ 53%]
tests\unit\domain\novel\test_chapter_renumber_json_walk.py .             [ 53%]
tests\unit\domain\novel\test_chapter_renumber_spec.py ...                [ 53%]
tests\unit\domain\novel\test_foreshadowing_registry_renumber.py .        [ 53%]
tests\unit\domain\novel\test_generation_preferences.py .......           [ 53%]
tests\unit\domain\novel\value_objects\test_chapter_content.py .........  [ 54%]
tests\unit\domain\novel\value_objects\test_chapter_id.py ......          [ 54%]
tests\unit\domain\novel\value_objects\test_chapter_state.py ..........   [ 55%]
tests\unit\domain\novel\value_objects\test_consistency_context.py .....  [ 55%]
tests\unit\domain\novel\value_objects\test_consistency_report.py ....... [ 55%]
.....                                                                    [ 56%]
tests\unit\domain\novel\value_objects\test_event_timeline.py .........   [ 56%]
tests\unit\domain\novel\value_objects\test_foreshadowing.py ............ [ 57%]
.....                                                                    [ 57%]
tests\unit\domain\novel\value_objects\test_novel_event.py .........      [ 58%]
tests\unit\domain\novel\value_objects\test_novel_id.py ....              [ 58%]
tests\unit\domain\novel\value_objects\test_plot_point.py .......         [ 58%]
tests\unit\domain\novel\value_objects\test_storyline_enums.py ....       [ 58%]
tests\unit\domain\novel\value_objects\test_storyline_milestone.py ...... [ 59%]
..                                                                       [ 59%]
tests\unit\domain\novel\value_objects\test_storyline_role.py ..          [ 59%]
tests\unit\domain\novel\value_objects\test_tension_level.py .......      [ 59%]
tests\unit\domain\novel\value_objects\test_word_count.py ......          [ 60%]
tests\unit\domain\shared\test_base_entity.py ...                         [ 60%]
tests\unit\domain\shared\test_character_id.py ...                        [ 60%]
tests\unit\domain\shared\test_events.py ......                           [ 60%]
tests\unit\domain\shared\test_exceptions.py .....                        [ 61%]
tests\unit\domain\shared\test_story_events.py .....                      [ 61%]
tests\unit\engine\test_ai_trace_store.py ..                              [ 61%]
tests\unit\engine\test_beat_contracts.py ...                             [ 61%]
tests\unit\engine\test_beat_models_compat.py ..                          [ 61%]
tests\unit\engine\test_beat_planner.py ......                            [ 62%]
tests\unit\engine\test_context_brief.py .....                            [ 62%]
tests\unit\engine\test_context_budget_character_projection.py ..         [ 62%]
tests\unit\engine\test_context_budget_models.py ..                       [ 62%]
tests\unit\engine\test_context_budget_policy.py ...                      [ 62%]
tests\unit\engine\test_context_lifecycle.py .....                        [ 63%]
tests\unit\engine\test_context_slot_providers.py .......                 [ 63%]
tests\unit\engine\test_daemon_host.py ......                             [ 63%]
tests\unit\engine\test_dag_cpms_linkage.py ..                            [ 63%]
tests\unit\engine\test_emotion_beat_card.py .....                        [ 64%]
tests\unit\engine\test_emotion_ledger_extractor.py .....                 [ 64%]
tests\unit\engine\test_engine_daemon.py .....                            [ 64%]
tests\unit\engine\test_generation_prompt_builder.py ....                 [ 64%]
tests\unit\engine\test_guardrail_reexports.py ..                         [ 65%]
tests\unit\engine\test_macro_pacing_guardrail.py ...                     [ 65%]
tests\unit\engine\test_phase5_delegates.py .........                     [ 65%]
tests\unit\engine\test_pipeline_registry.py ......                       [ 66%]
tests\unit\engine\test_pipeline_streaming.py ...                         [ 66%]
tests\unit\engine\test_recent_chapter_context.py ....                    [ 66%]
tests\unit\engine\test_story_pipeline_prose_composer.py .....            [ 66%]
tests\unit\engine\test_story_pipeline_step_retry.py ..                   [ 66%]
tests\unit\engine\test_story_pipeline_telemetry.py ..                    [ 66%]
tests\unit\engine\test_story_pipeline_tension.py ..                      [ 67%]
tests\unit\engine\test_writing_delegate.py ..........                    [ 67%]
tests\unit\infrastructure\ai\config\test_settings.py ..........          [ 68%]
tests\unit\infrastructure\ai\providers\test_anthropic_provider.py ...... [ 68%]
......                                                                   [ 68%]
tests\unit\infrastructure\ai\providers\test_gemini_provider.py .         [ 68%]
tests\unit\infrastructure\ai\providers\test_mock_provider.py ........    [ 69%]
tests\unit\infrastructure\ai\providers\test_model_resolution.py ...      [ 69%]
tests\unit\infrastructure\ai\providers\test_openai_provider.py ......... [ 69%]
........                                                                 [ 70%]
tests\unit\infrastructure\ai\test_chromadb_vector_store_unit.py ......   [ 70%]
tests\unit\infrastructure\ai\test_claude_chapter_summarizer.py ........s [ 71%]
s                                                                        [ 71%]
tests\unit\infrastructure\ai\test_dynamic_llm_service.py ....            [ 71%]
tests\unit\infrastructure\ai\test_embedding_environment.py ....          [ 71%]
tests\unit\infrastructure\ai\test_llm_environment.py ......              [ 71%]
tests\unit\infrastructure\ai\test_openai_embedding_service.py .......... [ 72%]
.sss                                                                     [ 72%]
tests\unit\infrastructure\ai\test_process_environment.py ...             [ 72%]
tests\unit\infrastructure\ai\test_process_environment_settings.py ...    [ 73%]
tests\unit\infrastructure\ai\test_prompt_contract_gateway.py ........... [ 73%]
...                                                                      [ 73%]
tests\unit\infrastructure\ai\test_prompt_package_sync.py .               [ 73%]
tests\unit\infrastructure\ai\test_prompt_seed_loader.py ...              [ 74%]
tests\unit\infrastructure\ai\test_required_cpms_prompts.py .......       [ 74%]
tests\unit\infrastructure\ai\test_trace_environment.py ...               [ 74%]
tests\unit\infrastructure\ai\test_trace_recorder.py ...                  [ 74%]
tests\unit\infrastructure\ai\test_vector_store_environment.py ...        [ 74%]
tests\unit\infrastructure\engine\test_dag_environment.py ...             [ 75%]
tests\unit\infrastructure\engine\test_story_pipeline_environment.py .... [ 75%]
.                                                                        [ 75%]
tests\unit\infrastructure\engine\test_streaming_environment.py ...       [ 75%]
tests\unit\infrastructure\export\test_font_environment.py ...            [ 75%]
tests\unit\infrastructure\json_stream\test_incremental_extractor.py ..   [ 75%]
tests\unit\infrastructure\persistence\database\test_migration_runner.py . [ 75%]
.                                                                        [ 75%]
tests\unit\infrastructure\persistence\database\test_sqlite_cast_repository.py . [ 75%]
.....                                                                    [ 76%]
tests\unit\infrastructure\persistence\database\test_sqlite_corruption.py . [ 76%]
.......                                                                  [ 76%]
tests\unit\infrastructure\persistence\database\test_sqlite_knowledge_orphan_triples.py . [ 76%]
                                                                         [ 76%]
tests\unit\infrastructure\persistence\database\test_sqlite_pragmas.py .. [ 76%]
...                                                                      [ 76%]
tests\unit\infrastructure\persistence\database\test_write_dispatch_startup_bypass.py . [ 77%]
..                                                                       [ 77%]
tests\unit\infrastructure\persistence\database\test_write_environment.py . [ 77%]
...                                                                      [ 77%]
tests\unit\infrastructure\persistence\mappers\test_foreshadowing_mapper.py . [ 77%]
                                                                         [ 77%]
tests\unit\infrastructure\persistence\mappers\test_storyline_mapper.py . [ 77%]
....                                                                     [ 77%]
tests\unit\infrastructure\persistence\test_sqlite_confluence_point_repository.py . [ 77%]
....                                                                     [ 77%]
tests\unit\infrastructure\persistence\test_storyline_new_fields.py ..    [ 78%]
tests\unit\infrastructure\runtime\test_data_directory_environment.py ... [ 78%]
.                                                                        [ 78%]
tests\unit\infrastructure\runtime\test_logging_environment.py ....       [ 78%]
tests\unit\infrastructure\test_worldbuilding_repository.py .             [ 78%]
tests\unit\interfaces\api\middleware\test_logging_config.py ...          [ 78%]
tests\unit\interfaces\api\test_api_urls.py ..                            [ 78%]
tests\unit\interfaces\api\test_architecture_boundaries.py .............. [ 79%]
........                                                                 [ 80%]
tests\unit\interfaces\api\test_backend_settings.py ...                   [ 80%]
tests\unit\interfaces\api\test_container.py ..                           [ 80%]
tests\unit\interfaces\api\test_dependencies.py ........                  [ 80%]
tests\unit\interfaces\api\v1\test_ai_invocation_routes_autopilot_state.py . [ 80%]
.......                                                                  [ 81%]
tests\unit\interfaces\api\v1\test_autopilot_runtime_settings.py .        [ 81%]
tests\unit\interfaces\api\v1\test_bible_generate_stream.py ..            [ 81%]
tests\unit\interfaces\api\v1\test_bible_runtime_settings.py .            [ 81%]
tests\unit\interfaces\api\v1\test_bible_setup_invocation.py .            [ 81%]
tests\unit\interfaces\api\v1\test_chapter_prose_invocation_routes.py ... [ 81%]
....                                                                     [ 81%]
tests\unit\interfaces\api\v1\test_dag_routes_cache.py ..                 [ 81%]
tests\unit\interfaces\api\v1\test_dag_runtime_settings.py .              [ 82%]
tests\unit\interfaces\api\v1\test_import_routes_parse_preview.py .....   [ 82%]
tests\unit\interfaces\api\v1\test_llm_control_runtime_settings.py ....   [ 82%]
tests\unit\interfaces\api\v1\test_planning_runtime_settings.py .         [ 82%]
tests\unit\interfaces\test_autopilot_resume_persist.py .                 [ 82%]
tests\unit\interfaces\test_character_psyche_heuristic.py ...             [ 82%]
tests\unit\interfaces\test_daemon_manager.py ....                        [ 82%]
tests\unit\interfaces\test_openai_models_base.py ....                    [ 83%]
tests\unit\interfaces\test_runtime.py .........                          [ 83%]
tests\unit\interfaces\test_stats_service_progress.py ..                  [ 83%]
tests\integration\application\services\test_indexing_service.py ......   [ 84%]
tests\integration\infrastructure\ai\test_chromadb_vector_store.py ss     [ 84%]
tests\integration\infrastructure\persistence\database\test_novel_snapshots_engine_state.py . [ 84%]
...                                                                      [ 84%]
tests\integration\infrastructure\persistence\database\test_sqlite_chapter_delete_renumber.py . [ 84%]
.                                                                        [ 84%]
tests\integration\infrastructure\persistence\database\test_sqlite_entity_base_repository.py . [ 84%]
....                                                                     [ 84%]
tests\integration\infrastructure\persistence\database\test_sqlite_narrative_event_repository.py . [ 84%]
.......                                                                  [ 85%]
tests\integration\infrastructure\persistence\database\test_sqlite_narrative_events.py . [ 85%]
.........                                                                [ 85%]
tests\integration\infrastructure\persistence\database\test_story_node_repository.py . [ 85%]
                                                                         [ 85%]
tests\integration\infrastructure\persistence\mappers\test_novel_mapper.py . [ 85%]
.......                                                                  [ 86%]
tests\integration\infrastructure\persistence\repositories\test_sqlite_foreshadowing_repository.py . [ 86%]
.....                                                                    [ 86%]
tests\integration\infrastructure\persistence\storage\test_file_storage.py . [ 86%]
.......                                                                  [ 87%]
tests\integration\interfaces\api\v1\test_bible_api.py ..........         [ 87%]
tests\integration\interfaces\api\v1\test_bible_extended_api.py ......... [ 88%]
....                                                                     [ 88%]
tests\integration\interfaces\api\v1\test_context_intelligence_api.py ... [ 88%]
........                                                                 [ 88%]
tests\integration\interfaces\api\v1\test_foreshadow_ledger_api.py ...... [ 89%]
..                                                                       [ 89%]
tests\integration\interfaces\api\v1\test_generation_api.py ............. [ 90%]
.                                                                        [ 90%]
tests\integration\interfaces\api\v1\test_inference_evidence_full_chain.py . [ 90%]
..                                                                       [ 90%]
tests\integration\interfaces\api\v1\test_macro_refactor_api.py ......... [ 90%]
                                                                         [ 90%]
tests\integration\interfaces\api\v1\test_monitor_api.py .......          [ 91%]
tests\integration\interfaces\api\v1\test_narrative_engine_api.py ...     [ 91%]
tests\integration\interfaces\api\v1\test_sandbox_api.py .                [ 91%]
tests\integration\interfaces\api\v1\test_voice_api.py ...........        [ 91%]
tests\integration\interfaces\api\v1\test_writer_block_api.py .......     [ 92%]
tests\integration\test_api_endpoints.py ..........                       [ 92%]
tests\integration\test_consistency_checking_e2e.py .....                 [ 93%]
tests\integration\test_context_builder_integration.py ...                [ 93%]
tests\integration\test_dag_version_repository.py ........                [ 93%]
tests\integration\test_novel_workflow.py ...                             [ 93%]
tests\integration\test_stats_api_integration.py .....                    [ 94%]
tests\integration\test_storyline_integration.py .....                    [ 94%]
tests\integration\test_workflow_e2e.py ............                      [ 95%]
tests\dag\test_engine.py ........                                        [ 95%]
tests\dag\test_error_classifier.py ..........                            [ 96%]
tests\dag\test_event_aggregator.py .....                                 [ 96%]
tests\dag\test_ipc_adapter.py .........                                  [ 96%]
tests\dag\test_models.py ..................                              [ 97%]
tests\dag\test_prompt_validator.py ...........                           [ 98%]
tests\dag\test_registry.py ......                                        [ 98%]
tests\dag\test_validator.py .............                                [ 99%]
tests\dag\test_version_manager.py .........                              [100%]

============================== warnings summary ===============================
E:\python-3.14.5-embed-amd64\Lib\site-packages\_pytest\config\__init__.py:1474
  E:\python-3.14.5-embed-amd64\Lib\site-packages\_pytest\config\__init__.py:1474: PytestConfigWarning: Unknown config option: timeout
  
    self._warn_or_fail_if_strict(f"Unknown config option: {key}\n")

-- Docs: https://docs.pytest.org/en/stable/how-to/capture-warnings.html
============ 1825 passed, 9 skipped, 1 warning in 77.43s (0:01:17) ============
